#-----------------------------------------------------------
# Vivado v2015.2 (64-bit)
# SW Build 1266856 on Fri Jun 26 16:35:25 MDT 2015
# IP Build 1264090 on Wed Jun 24 14:22:01 MDT 2015
# Start of session at: Tue Nov 26 11:58:37 2019
# Process ID: 18398
# Log file: /home/ugrads/q/quydao1462/vivado.log
# Journal file: /home/ugrads/q/quydao1462/vivado.jou
#-----------------------------------------------------------
start_gui
open_project /home/ugrads/q/quydao1462/lab12/lab12.xpr
Scanning sources...
Finished scanning sources
INFO: [IP_Flow 19-234] Refreshing IP repositories
INFO: [IP_Flow 19-1704] No user IP repositories specified
INFO: [IP_Flow 19-2313] Loaded Vivado IP repository '/opt/coe/Xilinx/Vivado/2015.2/data/ip'.
reset_run impl_1 -prev_step 
launch_runs impl_1 -to_step write_bitstream
[Tue Nov 26 11:59:00 2019] Launched impl_1...
Run output will be captured here: /home/ugrads/q/quydao1462/lab12/lab12.runs/impl_1/runme.log
open_hw
INFO: [Labtools 27-2285] Connecting to hw_server url TCP:localhost:3121
